root - WARNING - Stage profile was skipped.
root - WARNING - Stage clean was skipped.
root - WARNING - Stage featurize was skipped.
root - WARNING - Stage split was skipped.
root - WARNING - Stage scale was skipped.
root - WARNING - Stage sequentialize was skipped.
root - WARNING - Stage combine was skipped.
root - WARNING - Stage train was skipped.
root - WARNING - Stage evaluate was skipped.
root - WARNING - Stage explain was skipped.
root - WARNING - Stage combine_explanations was skipped.
root - WARNING - Stage profile was skipped.
root - WARNING - Stage clean was skipped.
root - WARNING - Stage featurize was skipped.
root - WARNING - Stage split was skipped.
root - WARNING - Stage scale was skipped.
root - WARNING - Stage sequentialize was skipped.
root - WARNING - Stage combine was skipped.
root - WARNING - Stage train was skipped.
root - WARNING - Stage evaluate was skipped.
root - WARNING - Stage explain was skipped.
root - WARNING - Stage combine_explanations was skipped.
root - INFO - Stage profile was skipped.
root - INFO - Stage clean was skipped.
root - INFO - Stage featurize was skipped.
root - INFO - Stage split was skipped.
root - INFO - Stage scale was skipped.
root - INFO - Stage sequentialize was skipped.
root - INFO - Stage combine was skipped.
root - INFO - Stage train was skipped.
root - INFO - Stage evaluate was skipped.
root - INFO - Stage explain was skipped.
root - INFO - Stage combine_explanations was skipped.
2023-09-22 16:05:35,865,865 root INFO Stage profile was skipped.
2023-09-22 16:05:35,865,865 root INFO Stage clean was skipped.
2023-09-22 16:05:35,865,865 root INFO Stage featurize was skipped.
2023-09-22 16:05:35,865,865 root INFO Stage split was skipped.
2023-09-22 16:05:35,865,865 root INFO Stage scale was skipped.
2023-09-22 16:05:35,865,865 root INFO Stage sequentialize was skipped.
2023-09-22 16:05:35,865,865 root INFO Stage combine was skipped.
2023-09-22 16:05:35,866,866 root INFO Stage train was skipped.
2023-09-22 16:05:35,866,866 root INFO Stage evaluate was skipped.
2023-09-22 16:05:35,866,866 root INFO Stage explain was skipped.
2023-09-22 16:05:35,866,866 root INFO Stage combine_explanations was skipped.
2023-09-22 16:07:07,309,309 root INFO Stage profile was skipped.
2023-09-22 16:07:07,310,310 root INFO Stage clean was skipped.
2023-09-22 16:07:07,310,310 root INFO Stage featurize was skipped.
2023-09-22 16:07:07,310,310 root INFO Stage split was skipped.
2023-09-22 16:07:07,310,310 root INFO Stage scale was skipped.
2023-09-22 16:07:07,310,310 root INFO Stage sequentialize was skipped.
2023-09-22 16:07:07,310,310 root INFO Stage combine was skipped.
2023-09-22 16:07:07,310,310 root INFO Stage train was skipped.
2023-09-22 16:07:07,310,310 root INFO Stage evaluate was skipped.
2023-09-22 16:07:07,310,310 root INFO Stage explain was skipped.
2023-09-22 16:07:07,310,310 root INFO Stage combine_explanations was skipped.
2023-09-22 16:07:33,694,694 root INFO Stage profile was skipped.
2023-09-22 16:07:33,694,694 root INFO Stage clean was skipped.
2023-09-22 16:07:33,695,695 root INFO Stage featurize was skipped.
2023-09-22 16:07:33,695,695 root INFO Stage split was skipped.
2023-09-22 16:07:33,695,695 root INFO Stage scale was skipped.
2023-09-22 16:07:33,695,695 root INFO Stage sequentialize was skipped.
2023-09-22 16:07:33,695,695 root INFO Stage combine was skipped.
2023-09-22 16:07:33,695,695 root INFO Stage train was skipped.
2023-09-22 16:07:33,695,695 root INFO Stage evaluate was skipped.
2023-09-22 16:07:33,695,695 root INFO Stage explain was skipped.
2023-09-22 16:07:33,695,695 root INFO Stage combine_explanations was skipped.
